# JRE version: OpenJDK Runtime Environment (8.0_152-b06) (build 1.8.0_152-release-1136-b06)
# Java VM: OpenJDK 64-Bit Server VM (25.152-b06 mixed mode windows-amd64 compressed oops)
Heap:
 PSYoungGen      total 183808K, used 61360K [0x00000000e0000000, 0x00000000ee380000, 0x0000000100000000)
  eden space 172544K, 35% used [0x00000000e0000000,0x00000000e3bec070,0x00000000ea880000)
  from space 11264K, 0% used [0x00000000eb400000,0x00000000eb400000,0x00000000ebf00000)
  to   space 11776K, 0% used [0x00000000ea880000,0x00000000ea880000,0x00000000eb400000)
 ParOldGen       total 89088K, used 16311K [0x00000000a0000000, 0x00000000a5700000, 0x00000000e0000000)
  object space 89088K, 18% used [0x00000000a0000000,0x00000000a0fede08,0x00000000a5700000)
 Metaspace       used 39175K, capacity 39897K, committed 40280K, reserved 1083392K
  class space    used 5249K, capacity 5465K, committed 5504K, reserved 1048576K
GC Heap History (10 events):
Event: 4.052 GC heap before
{Heap before GC invocations=6 (full 1):
 PSYoungGen      total 71680K, used 5100K [0x00000000e0000000, 0x00000000e9600000, 0x0000000100000000)
  eden space 66560K, 0% used [0x00000000e0000000,0x00000000e0000000,0x00000000e4100000)
  from space 5120K, 99% used [0x00000000e4100000,0x00000000e45fb070,0x00000000e4600000)
  to   space 10240K, 0% used [0x00000000e8c00000,0x00000000e8c00000,0x00000000e9600000)
 ParOldGen       total 87552K, used 9145K [0x00000000a0000000, 0x00000000a5580000, 0x00000000e0000000)
  object space 87552K, 10% used [0x00000000a0000000,0x00000000a08ee788,0x00000000a5580000)
 Metaspace       used 20694K, capacity 21160K, committed 21248K, reserved 1067008K
  class space    used 2895K, capacity 3045K, committed 3072K, reserved 1048576K
Event: 4.090 GC heap after
Heap after GC invocations=6 (full 1):
 PSYoungGen      total 71680K, used 0K [0x00000000e0000000, 0x00000000e9600000, 0x0000000100000000)
  eden space 66560K, 0% used [0x00000000e0000000,0x00000000e0000000,0x00000000e4100000)
  from space 5120K, 0% used [0x00000000e4100000,0x00000000e4100000,0x00000000e4600000)
  to   space 10240K, 0% used [0x00000000e8c00000,0x00000000e8c00000,0x00000000e9600000)
 ParOldGen       total 58880K, used 8733K [0x00000000a0000000, 0x00000000a3980000, 0x00000000e0000000)
  object space 58880K, 14% used [0x00000000a0000000,0x00000000a0887550,0x00000000a3980000)
 Metaspace       used 20694K, capacity 21160K, committed 21248K, reserved 1067008K
  class space    used 2895K, capacity 3045K, committed 3072K, reserved 1048576K
}
Event: 5.072 GC heap before
{Heap before GC invocations=7 (full 1):
 PSYoungGen      total 71680K, used 66543K [0x00000000e0000000, 0x00000000e9600000, 0x0000000100000000)
  eden space 66560K, 99% used [0x00000000e0000000,0x00000000e40fbe38,0x00000000e4100000)
  from space 5120K, 0% used [0x00000000e4100000,0x00000000e4100000,0x00000000e4600000)
  to   space 10240K, 0% used [0x00000000e8c00000,0x00000000e8c00000,0x00000000e9600000)
 ParOldGen       total 58880K, used 8733K [0x00000000a0000000, 0x00000000a3980000, 0x00000000e0000000)
  object space 58880K, 14% used [0x00000000a0000000,0x00000000a0887550,0x00000000a3980000)
 Metaspace       used 25946K, capacity 26502K, committed 26624K, reserved 1073152K
  class space    used 3602K, capacity 3770K, committed 3840K, reserved 1048576K
Event: 5.081 GC heap after
Heap after GC invocations=7 (full 1):
 PSYoungGen      total 115712K, used 7668K [0x00000000e0000000, 0x00000000e9380000, 0x0000000100000000)
  eden space 108032K, 0% used [0x00000000e0000000,0x00000000e0000000,0x00000000e6980000)
  from space 7680K, 99% used [0x00000000e8c00000,0x00000000e937d2f8,0x00000000e9380000)
  to   space 10240K, 0% used [0x00000000e7f80000,0x00000000e7f80000,0x00000000e8980000)
 ParOldGen       total 58880K, used 8741K [0x00000000a0000000, 0x00000000a3980000, 0x00000000e0000000)
  object space 58880K, 14% used [0x00000000a0000000,0x00000000a0889550,0x00000000a3980000)
 Metaspace       used 25946K, capacity 26502K, committed 26624K, reserved 1073152K
  class space    used 3602K, capacity 3770K, committed 3840K, reserved 1048576K
}
Event: 6.776 GC heap before
{Heap before GC invocations=8 (full 1):
 PSYoungGen      total 115712K, used 115700K [0x00000000e0000000, 0x00000000e9380000, 0x0000000100000000)
  eden space 108032K, 100% used [0x00000000e0000000,0x00000000e6980000,0x00000000e6980000)
  from space 7680K, 99% used [0x00000000e8c00000,0x00000000e937d2f8,0x00000000e9380000)
  to   space 10240K, 0% used [0x00000000e7f80000,0x00000000e7f80000,0x00000000e8980000)
 ParOldGen       total 58880K, used 8741K [0x00000000a0000000, 0x00000000a3980000, 0x00000000e0000000)
  object space 58880K, 14% used [0x00000000a0000000,0x00000000a0889550,0x00000000a3980000)
 Metaspace       used 31430K, capacity 32054K, committed 32256K, reserved 1077248K
  class space    used 4268K, capacity 4488K, committed 4608K, reserved 1048576K
Event: 6.794 GC heap after
Heap after GC invocations=8 (full 1):
 PSYoungGen      total 140800K, used 9543K [0x00000000e0000000, 0x00000000ebf00000, 0x0000000100000000)
  eden space 130560K, 0% used [0x00000000e0000000,0x00000000e0000000,0x00000000e7f80000)
  from space 10240K, 93% used [0x00000000e7f80000,0x00000000e88d1d40,0x00000000e8980000)
  to   space 11264K, 0% used [0x00000000eb400000,0x00000000eb400000,0x00000000ebf00000)
 ParOldGen       total 58880K, used 8749K [0x00000000a0000000, 0x00000000a3980000, 0x00000000e0000000)
  object space 58880K, 14% used [0x00000000a0000000,0x00000000a088b550,0x00000000a3980000)
 Metaspace       used 31430K, capacity 32054K, committed 32256K, reserved 1077248K
  class space    used 4268K, capacity 4488K, committed 4608K, reserved 1048576K
}
Event: 7.641 GC heap before
{Heap before GC invocations=9 (full 1):
 PSYoungGen      total 140800K, used 58173K [0x00000000e0000000, 0x00000000ebf00000, 0x0000000100000000)
  eden space 130560K, 37% used [0x00000000e0000000,0x00000000e2f7da10,0x00000000e7f80000)
  from space 10240K, 93% used [0x00000000e7f80000,0x00000000e88d1d40,0x00000000e8980000)
  to   space 11264K, 0% used [0x00000000eb400000,0x00000000eb400000,0x00000000ebf00000)
 ParOldGen       total 58880K, used 8749K [0x00000000a0000000, 0x00000000a3980000, 0x00000000e0000000)
  object space 58880K, 14% used [0x00000000a0000000,0x00000000a088b550,0x00000000a3980000)
 Metaspace       used 34811K, capacity 35389K, committed 35416K, reserved 1079296K
  class space    used 4758K, capacity 4985K, committed 4992K, reserved 1048576K
Event: 7.654 GC heap after
Heap after GC invocations=9 (full 1):
 PSYoungGen      total 183808K, used 9572K [0x00000000e0000000, 0x00000000ee380000, 0x0000000100000000)
  eden space 172544K, 0% used [0x00000000e0000000,0x00000000e0000000,0x00000000ea880000)
  from space 11264K, 84% used [0x00000000eb400000,0x00000000ebd59330,0x00000000ebf00000)
  to   space 11776K, 0% used [0x00000000ea880000,0x00000000ea880000,0x00000000eb400000)
 ParOldGen       total 58880K, used 8821K [0x00000000a0000000, 0x00000000a3980000, 0x00000000e0000000)
  object space 58880K, 14% used [0x00000000a0000000,0x00000000a089d560,0x00000000a3980000)
 Metaspace       used 34811K, capacity 35389K, committed 35416K, reserved 1079296K
  class space    used 4758K, capacity 4985K, committed 4992K, reserved 1048576K
}
Event: 7.654 GC heap before
{Heap before GC invocations=10 (full 2):
 PSYoungGen      total 183808K, used 9572K [0x00000000e0000000, 0x00000000ee380000, 0x0000000100000000)
  eden space 172544K, 0% used [0x00000000e0000000,0x00000000e0000000,0x00000000ea880000)
  from space 11264K, 84% used [0x00000000eb400000,0x00000000ebd59330,0x00000000ebf00000)
  to   space 11776K, 0% used [0x00000000ea880000,0x00000000ea880000,0x00000000eb400000)
 ParOldGen       total 58880K, used 8821K [0x00000000a0000000, 0x00000000a3980000, 0x00000000e0000000)
  object space 58880K, 14% used [0x00000000a0000000,0x00000000a089d560,0x00000000a3980000)
 Metaspace       used 34811K, capacity 35389K, committed 35416K, reserved 1079296K
  class space    used 4758K, capacity 4985K, committed 4992K, reserved 1048576K
Event: 7.725 GC heap after
Heap after GC invocations=10 (full 2):
 PSYoungGen      total 183808K, used 0K [0x00000000e0000000, 0x00000000ee380000, 0x0000000100000000)
  eden space 172544K, 0% used [0x00000000e0000000,0x00000000e0000000,0x00000000ea880000)
  from space 11264K, 0% used [0x00000000eb400000,0x00000000eb400000,0x00000000ebf00000)
  to   space 11776K, 0% used [0x00000000ea880000,0x00000000ea880000,0x00000000eb400000)
 ParOldGen       total 89088K, used 16311K [0x00000000a0000000, 0x00000000a5700000, 0x00000000e0000000)
  object space 89088K, 18% used [0x00000000a0000000,0x00000000a0fede08,0x00000000a5700000)
 Metaspace       used 34811K, capacity 35389K, committed 35416K, reserved 1079296K
  class space    used 4758K, capacity 4985K, committed 4992K, reserved 1048576K
}

