# JRE version: OpenJDK Runtime Environment (8.0_152-b06) (build 1.8.0_152-release-1136-b06)
# Java VM: OpenJDK 64-Bit Server VM (25.152-b06 mixed mode windows-amd64 compressed oops)
Heap:
 PSYoungGen      total 163840K, used 11633K [0x00000000e0000000, 0x00000000ed980000, 0x0000000100000000)
  eden space 148480K, 7% used [0x00000000e0000000,0x00000000e0b5c490,0x00000000e9100000)
  from space 15360K, 0% used [0x00000000e9100000,0x00000000e9100000,0x00000000ea000000)
  to   space 15360K, 0% used [0x00000000eca80000,0x00000000eca80000,0x00000000ed980000)
 ParOldGen       total 141824K, used 34964K [0x00000000a0000000, 0x00000000a8a80000, 0x00000000e0000000)
  object space 141824K, 24% used [0x00000000a0000000,0x00000000a2225248,0x00000000a8a80000)
 Metaspace       used 58863K, capacity 60619K, committed 60888K, reserved 1101824K
  class space    used 7966K, capacity 8387K, committed 8448K, reserved 1048576K
GC Heap History (10 events):
Event: 11.560 GC heap before
{Heap before GC invocations=12 (full 2):
 PSYoungGen      total 98304K, used 87552K [0x00000000e0000000, 0x00000000e8880000, 0x0000000100000000)
  eden space 87552K, 100% used [0x00000000e0000000,0x00000000e5580000,0x00000000e5580000)
  from space 10752K, 0% used [0x00000000e5580000,0x00000000e5580000,0x00000000e6000000)
  to   space 10752K, 0% used [0x00000000e7e00000,0x00000000e7e00000,0x00000000e8880000)
 ParOldGen       total 91136K, used 16374K [0x00000000a0000000, 0x00000000a5900000, 0x00000000e0000000)
  object space 91136K, 17% used [0x00000000a0000000,0x00000000a0ffda18,0x00000000a5900000)
 Metaspace       used 41142K, capacity 41907K, committed 42328K, reserved 1085440K
  class space    used 5508K, capacity 5726K, committed 5760K, reserved 1048576K
Event: 11.573 GC heap after
Heap after GC invocations=12 (full 2):
 PSYoungGen      total 122880K, used 9134K [0x00000000e0000000, 0x00000000e8700000, 0x0000000100000000)
  eden space 113664K, 0% used [0x00000000e0000000,0x00000000e0000000,0x00000000e6f00000)
  from space 9216K, 99% used [0x00000000e7e00000,0x00000000e86ebba8,0x00000000e8700000)
  to   space 11264K, 0% used [0x00000000e7100000,0x00000000e7100000,0x00000000e7c00000)
 ParOldGen       total 91136K, used 16382K [0x00000000a0000000, 0x00000000a5900000, 0x00000000e0000000)
  object space 91136K, 17% used [0x00000000a0000000,0x00000000a0fffa18,0x00000000a5900000)
 Metaspace       used 41142K, capacity 41907K, committed 42328K, reserved 1085440K
  class space    used 5508K, capacity 5726K, committed 5760K, reserved 1048576K
}
Event: 13.276 GC heap before
{Heap before GC invocations=13 (full 2):
 PSYoungGen      total 122880K, used 122798K [0x00000000e0000000, 0x00000000e8700000, 0x0000000100000000)
  eden space 113664K, 100% used [0x00000000e0000000,0x00000000e6f00000,0x00000000e6f00000)
  from space 9216K, 99% used [0x00000000e7e00000,0x00000000e86ebba8,0x00000000e8700000)
  to   space 11264K, 0% used [0x00000000e7100000,0x00000000e7100000,0x00000000e7c00000)
 ParOldGen       total 91136K, used 16382K [0x00000000a0000000, 0x00000000a5900000, 0x00000000e0000000)
  object space 91136K, 17% used [0x00000000a0000000,0x00000000a0fffa18,0x00000000a5900000)
 Metaspace       used 49108K, capacity 50149K, committed 50392K, reserved 1093632K
  class space    used 6547K, capacity 6856K, committed 6912K, reserved 1048576K
Event: 13.301 GC heap after
Heap after GC invocations=13 (full 2):
 PSYoungGen      total 126976K, used 11246K [0x00000000e0000000, 0x00000000eae80000, 0x0000000100000000)
  eden space 115712K, 0% used [0x00000000e0000000,0x00000000e0000000,0x00000000e7100000)
  from space 11264K, 99% used [0x00000000e7100000,0x00000000e7bfba80,0x00000000e7c00000)
  to   space 14848K, 0% used [0x00000000ea000000,0x00000000ea000000,0x00000000eae80000)
 ParOldGen       total 91136K, used 22566K [0x00000000a0000000, 0x00000000a5900000, 0x00000000e0000000)
  object space 91136K, 24% used [0x00000000a0000000,0x00000000a1609b30,0x00000000a5900000)
 Metaspace       used 49108K, capacity 50149K, committed 50392K, reserved 1093632K
  class space    used 6547K, capacity 6856K, committed 6912K, reserved 1048576K
}
Event: 15.832 GC heap before
{Heap before GC invocations=14 (full 2):
 PSYoungGen      total 126976K, used 126958K [0x00000000e0000000, 0x00000000eae80000, 0x0000000100000000)
  eden space 115712K, 100% used [0x00000000e0000000,0x00000000e7100000,0x00000000e7100000)
  from space 11264K, 99% used [0x00000000e7100000,0x00000000e7bfba80,0x00000000e7c00000)
  to   space 14848K, 0% used [0x00000000ea000000,0x00000000ea000000,0x00000000eae80000)
 ParOldGen       total 91136K, used 22566K [0x00000000a0000000, 0x00000000a5900000, 0x00000000e0000000)
  object space 91136K, 24% used [0x00000000a0000000,0x00000000a1609b30,0x00000000a5900000)
 Metaspace       used 56449K, capacity 58167K, committed 58328K, reserved 1099776K
  class space    used 7637K, capacity 8111K, committed 8192K, reserved 1048576K
Event: 15.865 GC heap after
Heap after GC invocations=14 (full 2):
 PSYoungGen      total 163328K, used 11789K [0x00000000e0000000, 0x00000000eb200000, 0x0000000100000000)
  eden space 148480K, 0% used [0x00000000e0000000,0x00000000e0000000,0x00000000e9100000)
  from space 14848K, 79% used [0x00000000ea000000,0x00000000eab837d0,0x00000000eae80000)
  to   space 15360K, 0% used [0x00000000e9100000,0x00000000e9100000,0x00000000ea000000)
 ParOldGen       total 91136K, used 33558K [0x00000000a0000000, 0x00000000a5900000, 0x00000000e0000000)
  object space 91136K, 36% used [0x00000000a0000000,0x00000000a20c5b98,0x00000000a5900000)
 Metaspace       used 56449K, capacity 58167K, committed 58328K, reserved 1099776K
  class space    used 7637K, capacity 8111K, committed 8192K, reserved 1048576K
}
Event: 17.285 GC heap before
{Heap before GC invocations=15 (full 2):
 PSYoungGen      total 163328K, used 67577K [0x00000000e0000000, 0x00000000eb200000, 0x0000000100000000)
  eden space 148480K, 37% used [0x00000000e0000000,0x00000000e367ac88,0x00000000e9100000)
  from space 14848K, 79% used [0x00000000ea000000,0x00000000eab837d0,0x00000000eae80000)
  to   space 15360K, 0% used [0x00000000e9100000,0x00000000e9100000,0x00000000ea000000)
 ParOldGen       total 91136K, used 33558K [0x00000000a0000000, 0x00000000a5900000, 0x00000000e0000000)
  object space 91136K, 36% used [0x00000000a0000000,0x00000000a20c5b98,0x00000000a5900000)
 Metaspace       used 57321K, capacity 59015K, committed 59028K, reserved 1099776K
  class space    used 7739K, capacity 8191K, committed 8192K, reserved 1048576K
Event: 17.297 GC heap after
Heap after GC invocations=15 (full 2):
 PSYoungGen      total 163840K, used 3609K [0x00000000e0000000, 0x00000000ed980000, 0x0000000100000000)
  eden space 148480K, 0% used [0x00000000e0000000,0x00000000e0000000,0x00000000e9100000)
  from space 15360K, 23% used [0x00000000e9100000,0x00000000e9486660,0x00000000ea000000)
  to   space 15360K, 0% used [0x00000000eca80000,0x00000000eca80000,0x00000000ed980000)
 ParOldGen       total 91136K, used 39323K [0x00000000a0000000, 0x00000000a5900000, 0x00000000e0000000)
  object space 91136K, 43% used [0x00000000a0000000,0x00000000a2666fb8,0x00000000a5900000)
 Metaspace       used 57321K, capacity 59015K, committed 59028K, reserved 1099776K
  class space    used 7739K, capacity 8191K, committed 8192K, reserved 1048576K
}
Event: 17.297 GC heap before
{Heap before GC invocations=16 (full 3):
 PSYoungGen      total 163840K, used 3609K [0x00000000e0000000, 0x00000000ed980000, 0x0000000100000000)
  eden space 148480K, 0% used [0x00000000e0000000,0x00000000e0000000,0x00000000e9100000)
  from space 15360K, 23% used [0x00000000e9100000,0x00000000e9486660,0x00000000ea000000)
  to   space 15360K, 0% used [0x00000000eca80000,0x00000000eca80000,0x00000000ed980000)
 ParOldGen       total 91136K, used 39323K [0x00000000a0000000, 0x00000000a5900000, 0x00000000e0000000)
  object space 91136K, 43% used [0x00000000a0000000,0x00000000a2666fb8,0x00000000a5900000)
 Metaspace       used 57321K, capacity 59015K, committed 59028K, reserved 1099776K
  class space    used 7739K, capacity 8191K, committed 8192K, reserved 1048576K
Event: 17.529 GC heap after
Heap after GC invocations=16 (full 3):
 PSYoungGen      total 163840K, used 0K [0x00000000e0000000, 0x00000000ed980000, 0x0000000100000000)
  eden space 148480K, 0% used [0x00000000e0000000,0x00000000e0000000,0x00000000e9100000)
  from space 15360K, 0% used [0x00000000e9100000,0x00000000e9100000,0x00000000ea000000)
  to   space 15360K, 0% used [0x00000000eca80000,0x00000000eca80000,0x00000000ed980000)
 ParOldGen       total 141824K, used 34964K [0x00000000a0000000, 0x00000000a8a80000, 0x00000000e0000000)
  object space 141824K, 24% used [0x00000000a0000000,0x00000000a2225248,0x00000000a8a80000)
 Metaspace       used 57321K, capacity 59015K, committed 59028K, reserved 1099776K
  class space    used 7739K, capacity 8191K, committed 8192K, reserved 1048576K
}

