# JRE version: OpenJDK Runtime Environment (8.0_152-b06) (build 1.8.0_152-release-1136-b06)
# Java VM: OpenJDK 64-Bit Server VM (25.152-b06 mixed mode windows-amd64 compressed oops)
Heap:
 PSYoungGen      total 153600K, used 17833K [0x00000000e0000000, 0x00000000eb900000, 0x0000000100000000)
  eden space 134656K, 6% used [0x00000000e0000000,0x00000000e080e660,0x00000000e8380000)
  from space 18944K, 50% used [0x00000000e8380000,0x00000000e8cdbea8,0x00000000e9600000)
  to   space 17920K, 0% used [0x00000000ea780000,0x00000000ea780000,0x00000000eb900000)
 ParOldGen       total 159232K, used 35627K [0x00000000a0000000, 0x00000000a9b80000, 0x00000000e0000000)
  object space 159232K, 22% used [0x00000000a0000000,0x00000000a22caf10,0x00000000a9b80000)
 Metaspace       used 72621K, capacity 75183K, committed 75352K, reserved 1114112K
  class space    used 9684K, capacity 10259K, committed 10368K, reserved 1048576K
GC Heap History (10 events):
Event: 11.477 GC heap before
{Heap before GC invocations=14 (full 2):
 PSYoungGen      total 115712K, used 115698K [0x00000000e0000000, 0x00000000e9200000, 0x0000000100000000)
  eden space 103936K, 100% used [0x00000000e0000000,0x00000000e6580000,0x00000000e6580000)
  from space 11776K, 99% used [0x00000000e6580000,0x00000000e70fc8d8,0x00000000e7100000)
  to   space 14848K, 0% used [0x00000000e8380000,0x00000000e8380000,0x00000000e9200000)
 ParOldGen       total 101376K, used 21399K [0x00000000a0000000, 0x00000000a6300000, 0x00000000e0000000)
  object space 101376K, 21% used [0x00000000a0000000,0x00000000a14e5cb8,0x00000000a6300000)
 Metaspace       used 54819K, capacity 56439K, committed 56792K, reserved 1097728K
  class space    used 7403K, capacity 7835K, committed 7936K, reserved 1048576K
Event: 11.503 GC heap after
Heap after GC invocations=14 (full 2):
 PSYoungGen      total 130560K, used 14816K [0x00000000e0000000, 0x00000000ea080000, 0x0000000100000000)
  eden space 115712K, 0% used [0x00000000e0000000,0x00000000e0000000,0x00000000e7100000)
  from space 14848K, 99% used [0x00000000e8380000,0x00000000e91f83c0,0x00000000e9200000)
  to   space 18944K, 0% used [0x00000000e7100000,0x00000000e7100000,0x00000000e8380000)
 ParOldGen       total 101376K, used 27163K [0x00000000a0000000, 0x00000000a6300000, 0x00000000e0000000)
  object space 101376K, 26% used [0x00000000a0000000,0x00000000a1a86ca0,0x00000000a6300000)
 Metaspace       used 54819K, capacity 56439K, committed 56792K, reserved 1097728K
  class space    used 7403K, capacity 7835K, committed 7936K, reserved 1048576K
}
Event: 13.905 GC heap before
{Heap before GC invocations=15 (full 2):
 PSYoungGen      total 130560K, used 95934K [0x00000000e0000000, 0x00000000ea080000, 0x0000000100000000)
  eden space 115712K, 70% used [0x00000000e0000000,0x00000000e4f37820,0x00000000e7100000)
  from space 14848K, 99% used [0x00000000e8380000,0x00000000e91f83c0,0x00000000e9200000)
  to   space 18944K, 0% used [0x00000000e7100000,0x00000000e7100000,0x00000000e8380000)
 ParOldGen       total 101376K, used 27163K [0x00000000a0000000, 0x00000000a6300000, 0x00000000e0000000)
  object space 101376K, 26% used [0x00000000a0000000,0x00000000a1a86ca0,0x00000000a6300000)
 Metaspace       used 57291K, capacity 58981K, committed 59028K, reserved 1099776K
  class space    used 7732K, capacity 8182K, committed 8192K, reserved 1048576K
Event: 13.924 GC heap after
Heap after GC invocations=15 (full 2):
 PSYoungGen      total 134656K, used 6828K [0x00000000e0000000, 0x00000000eab80000, 0x0000000100000000)
  eden space 115712K, 0% used [0x00000000e0000000,0x00000000e0000000,0x00000000e7100000)
  from space 18944K, 36% used [0x00000000e7100000,0x00000000e77ab328,0x00000000e8380000)
  to   space 18432K, 0% used [0x00000000e9980000,0x00000000e9980000,0x00000000eab80000)
 ParOldGen       total 101376K, used 37656K [0x00000000a0000000, 0x00000000a6300000, 0x00000000e0000000)
  object space 101376K, 37% used [0x00000000a0000000,0x00000000a24c6040,0x00000000a6300000)
 Metaspace       used 57291K, capacity 58981K, committed 59028K, reserved 1099776K
  class space    used 7732K, capacity 8182K, committed 8192K, reserved 1048576K
}
Event: 13.924 GC heap before
{Heap before GC invocations=16 (full 3):
 PSYoungGen      total 134656K, used 6828K [0x00000000e0000000, 0x00000000eab80000, 0x0000000100000000)
  eden space 115712K, 0% used [0x00000000e0000000,0x00000000e0000000,0x00000000e7100000)
  from space 18944K, 36% used [0x00000000e7100000,0x00000000e77ab328,0x00000000e8380000)
  to   space 18432K, 0% used [0x00000000e9980000,0x00000000e9980000,0x00000000eab80000)
 ParOldGen       total 101376K, used 37656K [0x00000000a0000000, 0x00000000a6300000, 0x00000000e0000000)
  object space 101376K, 37% used [0x00000000a0000000,0x00000000a24c6040,0x00000000a6300000)
 Metaspace       used 57291K, capacity 58981K, committed 59028K, reserved 1099776K
  class space    used 7732K, capacity 8182K, committed 8192K, reserved 1048576K
Event: 14.174 GC heap after
Heap after GC invocations=16 (full 3):
 PSYoungGen      total 134656K, used 0K [0x00000000e0000000, 0x00000000eab80000, 0x0000000100000000)
  eden space 115712K, 0% used [0x00000000e0000000,0x00000000e0000000,0x00000000e7100000)
  from space 18944K, 0% used [0x00000000e7100000,0x00000000e7100000,0x00000000e8380000)
  to   space 18432K, 0% used [0x00000000e9980000,0x00000000e9980000,0x00000000eab80000)
 ParOldGen       total 159232K, used 35611K [0x00000000a0000000, 0x00000000a9b80000, 0x00000000e0000000)
  object space 159232K, 22% used [0x00000000a0000000,0x00000000a22c6f10,0x00000000a9b80000)
 Metaspace       used 57291K, capacity 58981K, committed 59028K, reserved 1099776K
  class space    used 7732K, capacity 8182K, committed 8192K, reserved 1048576K
}
Event: 17.260 GC heap before
{Heap before GC invocations=17 (full 3):
 PSYoungGen      total 134656K, used 115038K [0x00000000e0000000, 0x00000000eab80000, 0x0000000100000000)
  eden space 115712K, 99% used [0x00000000e0000000,0x00000000e7057b10,0x00000000e7100000)
  from space 18944K, 0% used [0x00000000e7100000,0x00000000e7100000,0x00000000e8380000)
  to   space 18432K, 0% used [0x00000000e9980000,0x00000000e9980000,0x00000000eab80000)
 ParOldGen       total 159232K, used 35611K [0x00000000a0000000, 0x00000000a9b80000, 0x00000000e0000000)
  object space 159232K, 22% used [0x00000000a0000000,0x00000000a22c6f10,0x00000000a9b80000)
 Metaspace       used 69119K, capacity 71279K, committed 71512K, reserved 1112064K
  class space    used 9222K, capacity 9753K, committed 9856K, reserved 1048576K
Event: 17.273 GC heap after
Heap after GC invocations=17 (full 3):
 PSYoungGen      total 150016K, used 13238K [0x00000000e0000000, 0x00000000ea880000, 0x0000000100000000)
  eden space 134656K, 0% used [0x00000000e0000000,0x00000000e0000000,0x00000000e8380000)
  from space 15360K, 86% used [0x00000000e9980000,0x00000000ea66da08,0x00000000ea880000)
  to   space 18944K, 0% used [0x00000000e8380000,0x00000000e8380000,0x00000000e9600000)
 ParOldGen       total 159232K, used 35619K [0x00000000a0000000, 0x00000000a9b80000, 0x00000000e0000000)
  object space 159232K, 22% used [0x00000000a0000000,0x00000000a22c8f10,0x00000000a9b80000)
 Metaspace       used 69119K, capacity 71279K, committed 71512K, reserved 1112064K
  class space    used 9222K, capacity 9753K, committed 9856K, reserved 1048576K
}
Event: 19.758 GC heap before
{Heap before GC invocations=18 (full 3):
 PSYoungGen      total 150016K, used 147894K [0x00000000e0000000, 0x00000000ea880000, 0x0000000100000000)
  eden space 134656K, 100% used [0x00000000e0000000,0x00000000e8380000,0x00000000e8380000)
  from space 15360K, 86% used [0x00000000e9980000,0x00000000ea66da08,0x00000000ea880000)
  to   space 18944K, 0% used [0x00000000e8380000,0x00000000e8380000,0x00000000e9600000)
 ParOldGen       total 159232K, used 35619K [0x00000000a0000000, 0x00000000a9b80000, 0x00000000e0000000)
  object space 159232K, 22% used [0x00000000a0000000,0x00000000a22c8f10,0x00000000a9b80000)
 Metaspace       used 72156K, capacity 74739K, committed 74968K, reserved 1114112K
  class space    used 9623K, capacity 10183K, committed 10240K, reserved 1048576K
Event: 19.768 GC heap after
Heap after GC invocations=18 (full 3):
 PSYoungGen      total 153600K, used 9583K [0x00000000e0000000, 0x00000000eb900000, 0x0000000100000000)
  eden space 134656K, 0% used [0x00000000e0000000,0x00000000e0000000,0x00000000e8380000)
  from space 18944K, 50% used [0x00000000e8380000,0x00000000e8cdbea8,0x00000000e9600000)
  to   space 17920K, 0% used [0x00000000ea780000,0x00000000ea780000,0x00000000eb900000)
 ParOldGen       total 159232K, used 35627K [0x00000000a0000000, 0x00000000a9b80000, 0x00000000e0000000)
  object space 159232K, 22% used [0x00000000a0000000,0x00000000a22caf10,0x00000000a9b80000)
 Metaspace       used 72156K, capacity 74739K, committed 74968K, reserved 1114112K
  class space    used 9623K, capacity 10183K, committed 10240K, reserved 1048576K
}

